Build started 02/05/2015 19:53:31.
     1>Project "E:\semester 6\Grafika\Sesudah UTS\Grafika-IF3260-OpenGL\TheDragon\TheDragon\TheDragon.vcxproj" on node 2 (Build target(s)).
     1>ClCompile:
         E:\applications\VC\bin\CL.exe /c /ZI /nologo /W3 /WX- /sdl /Od /Oy- /D WIN32 /D _DEBUG /D _CONSOLE /D _UNICODE /D UNICODE /Gm /EHsc /RTC1 /MDd /GS /fp:precise /Zc:wchar_t /Zc:forScope /Yu"stdafx.h" /Fp"Debug\TheDragon.pch" /Fo"Debug\\" /Fd"Debug\vc110.pdb" /Gd /TP /analyze- /errorReport:prompt main.cpp
         main.cpp
     1>e:\semester 6\grafika\sesudah uts\grafika-if3260-opengl\thedragon\thedragon\main.cpp(11): warning C4305: 'initializing' : truncation from 'double' to 'GLfloat'
     1>e:\semester 6\grafika\sesudah uts\grafika-if3260-opengl\thedragon\thedragon\main.cpp(12): warning C4305: 'initializing' : truncation from 'double' to 'GLfloat'
     1>e:\semester 6\grafika\sesudah uts\grafika-if3260-opengl\thedragon\thedragon\main.cpp(19): warning C4305: 'argument' : truncation from 'double' to 'GLfloat'
     1>e:\semester 6\grafika\sesudah uts\grafika-if3260-opengl\thedragon\thedragon\main.cpp(20): warning C4305: 'argument' : truncation from 'double' to 'GLfloat'
     1>e:\semester 6\grafika\sesudah uts\grafika-if3260-opengl\thedragon\thedragon\main.cpp(21): warning C4305: 'argument' : truncation from 'double' to 'GLfloat'
     1>e:\semester 6\grafika\sesudah uts\grafika-if3260-opengl\thedragon\thedragon\main.cpp(22): warning C4305: 'argument' : truncation from 'double' to 'GLfloat'
     1>e:\semester 6\grafika\sesudah uts\grafika-if3260-opengl\thedragon\thedragon\main.cpp(26): warning C4305: 'argument' : truncation from 'double' to 'GLfloat'
     1>e:\semester 6\grafika\sesudah uts\grafika-if3260-opengl\thedragon\thedragon\main.cpp(27): warning C4305: 'argument' : truncation from 'double' to 'GLfloat'
     1>e:\semester 6\grafika\sesudah uts\grafika-if3260-opengl\thedragon\thedragon\main.cpp(28): warning C4305: 'argument' : truncation from 'double' to 'GLfloat'
     1>e:\semester 6\grafika\sesudah uts\grafika-if3260-opengl\thedragon\thedragon\main.cpp(29): warning C4305: 'argument' : truncation from 'double' to 'GLfloat'
     1>e:\semester 6\grafika\sesudah uts\grafika-if3260-opengl\thedragon\thedragon\main.cpp(33): warning C4305: 'argument' : truncation from 'double' to 'GLfloat'
     1>e:\semester 6\grafika\sesudah uts\grafika-if3260-opengl\thedragon\thedragon\main.cpp(34): warning C4305: 'argument' : truncation from 'double' to 'GLfloat'
     1>e:\semester 6\grafika\sesudah uts\grafika-if3260-opengl\thedragon\thedragon\main.cpp(35): warning C4305: 'argument' : truncation from 'double' to 'GLfloat'
     1>e:\semester 6\grafika\sesudah uts\grafika-if3260-opengl\thedragon\thedragon\main.cpp(36): warning C4305: 'argument' : truncation from 'double' to 'GLfloat'
     1>e:\semester 6\grafika\sesudah uts\grafika-if3260-opengl\thedragon\thedragon\main.cpp(40): warning C4305: 'argument' : truncation from 'double' to 'GLfloat'
     1>e:\semester 6\grafika\sesudah uts\grafika-if3260-opengl\thedragon\thedragon\main.cpp(41): warning C4305: 'argument' : truncation from 'double' to 'GLfloat'
     1>e:\semester 6\grafika\sesudah uts\grafika-if3260-opengl\thedragon\thedragon\main.cpp(42): warning C4305: 'argument' : truncation from 'double' to 'GLfloat'
     1>e:\semester 6\grafika\sesudah uts\grafika-if3260-opengl\thedragon\thedragon\main.cpp(43): warning C4305: 'argument' : truncation from 'double' to 'GLfloat'
     1>e:\semester 6\grafika\sesudah uts\grafika-if3260-opengl\thedragon\thedragon\main.cpp(46): warning C4305: 'argument' : truncation from 'double' to 'GLfloat'
     1>e:\semester 6\grafika\sesudah uts\grafika-if3260-opengl\thedragon\thedragon\main.cpp(47): warning C4305: 'argument' : truncation from 'double' to 'GLfloat'
     1>e:\semester 6\grafika\sesudah uts\grafika-if3260-opengl\thedragon\thedragon\main.cpp(48): warning C4305: 'argument' : truncation from 'double' to 'GLfloat'
     1>e:\semester 6\grafika\sesudah uts\grafika-if3260-opengl\thedragon\thedragon\main.cpp(49): warning C4305: 'argument' : truncation from 'double' to 'GLfloat'
     1>e:\semester 6\grafika\sesudah uts\grafika-if3260-opengl\thedragon\thedragon\main.cpp(55): warning C4305: 'argument' : truncation from 'double' to 'GLfloat'
     1>e:\semester 6\grafika\sesudah uts\grafika-if3260-opengl\thedragon\thedragon\main.cpp(56): warning C4305: 'argument' : truncation from 'double' to 'GLfloat'
     1>e:\semester 6\grafika\sesudah uts\grafika-if3260-opengl\thedragon\thedragon\main.cpp(57): warning C4305: 'argument' : truncation from 'double' to 'GLfloat'
     1>e:\semester 6\grafika\sesudah uts\grafika-if3260-opengl\thedragon\thedragon\main.cpp(58): warning C4305: 'argument' : truncation from 'double' to 'GLfloat'
     1>e:\semester 6\grafika\sesudah uts\grafika-if3260-opengl\thedragon\thedragon\main.cpp(59): warning C4305: 'argument' : truncation from 'double' to 'GLfloat'
     1>e:\semester 6\grafika\sesudah uts\grafika-if3260-opengl\thedragon\thedragon\main.cpp(60): warning C4305: 'argument' : truncation from 'double' to 'GLfloat'
       Link:
         E:\applications\VC\bin\link.exe /ERRORREPORT:PROMPT /OUT:"E:\semester 6\Grafika\Sesudah UTS\Grafika-IF3260-OpenGL\TheDragon\Debug\TheDragon.exe" /INCREMENTAL /NOLOGO kernel32.lib user32.lib gdi32.lib winspool.lib comdlg32.lib advapi32.lib shell32.lib ole32.lib oleaut32.lib uuid.lib odbc32.lib odbccp32.lib kernel32.lib user32.lib gdi32.lib winspool.lib comdlg32.lib advapi32.lib shell32.lib ole32.lib oleaut32.lib uuid.lib odbc32.lib odbccp32.lib opengl32.lib glu32.lib glut32.lib /MANIFEST /MANIFESTUAC:"level='asInvoker' uiAccess='false'" /manifest:embed /DEBUG /PDB:"E:\semester 6\Grafika\Sesudah UTS\Grafika-IF3260-OpenGL\TheDragon\Debug\TheDragon.pdb" /SUBSYSTEM:CONSOLE /TLBID:1 /DYNAMICBASE /NXCOMPAT /IMPLIB:"E:\semester 6\Grafika\Sesudah UTS\Grafika-IF3260-OpenGL\TheDragon\Debug\TheDragon.lib" /MACHINE:X86 Debug\stdafx.obj
         Debug\main.obj
         TheDragon.vcxproj -> E:\semester 6\Grafika\Sesudah UTS\Grafika-IF3260-OpenGL\TheDragon\Debug\TheDragon.exe
     1>Done Building Project "E:\semester 6\Grafika\Sesudah UTS\Grafika-IF3260-OpenGL\TheDragon\TheDragon\TheDragon.vcxproj" (Build target(s)).

Build succeeded.

Time Elapsed 00:00:01.99
